<?xml version="1.0" encoding="UTF-8"?>
<testsuite name="com.infoshare.DummyDataGeneratorTest" tests="1" skipped="0" failures="0" errors="0" timestamp="2026-03-10T02:09:46" hostname="DESKTOP-JF5HKCL" time="3.17">
  <properties/>
  <testcase name="테스트용 임의의 게시글, 태그, 댓글, 좋아요 데이터 30개 이상 생성" classname="com.infoshare.DummyDataGeneratorTest" time="3.17"/>
  <system-out><![CDATA[11:09:39.765 [Test worker] INFO org.springframework.test.context.support.AnnotationConfigContextLoaderUtils -- Could not detect default configuration classes for test class [com.infoshare.DummyDataGeneratorTest]: DummyDataGeneratorTest does not declare any static, non-private, non-final, nested classes annotated with @Configuration.
11:09:39.939 [Test worker] INFO org.springframework.boot.test.context.SpringBootTestContextBootstrapper -- Found @SpringBootConfiguration com.infoshare.InfoshareApplication for test class com.infoshare.DummyDataGeneratorTest

  .   ____          _            __ _ _
 /\\ / ___'_ __ _ _(_)_ __  __ _ \ \ \ \
( ( )\___ | '_ | '_| | '_ \/ _` | \ \ \ \
 \\/  ___)| |_)| | | | | || (_| |  ) ) ) )
  '  |____| .__|_| |_|_| |_\__, | / / / /
 =========|_|==============|___/=/_/_/_/
?[32m :: Spring Boot :: ?[39m              ?[2m (v3.2.3)?[0;39m

?[2m2026-03-10T11:09:40.578+09:00?[0;39m ?[32m INFO?[0;39m ?[35m20040?[0;39m ?[2m---?[0;39m ?[2m[    Test worker]?[0;39m ?[2m?[0;39m?[36mcom.infoshare.DummyDataGeneratorTest    ?[0;39m ?[2m:?[0;39m Starting DummyDataGeneratorTest using Java 21.0.10 with PID 20040 (started by user in C:\Users\user\Desktop\04.Project_self\01.InfomationSharePage\infoshare-back)
?[2m2026-03-10T11:09:40.579+09:00?[0;39m ?[32m INFO?[0;39m ?[35m20040?[0;39m ?[2m---?[0;39m ?[2m[    Test worker]?[0;39m ?[2m?[0;39m?[36mcom.infoshare.DummyDataGeneratorTest    ?[0;39m ?[2m:?[0;39m No active profile set, falling back to 1 default profile: "default"
?[2m2026-03-10T11:09:42.730+09:00?[0;39m ?[32m INFO?[0;39m ?[35m20040?[0;39m ?[2m---?[0;39m ?[2m[    Test worker]?[0;39m ?[2m?[0;39m?[36mcom.zaxxer.hikari.HikariDataSource      ?[0;39m ?[2m:?[0;39m HikariPool-1 - Starting...
?[2m2026-03-10T11:09:43.562+09:00?[0;39m ?[32m INFO?[0;39m ?[35m20040?[0;39m ?[2m---?[0;39m ?[2m[    Test worker]?[0;39m ?[2m?[0;39m?[36mcom.zaxxer.hikari.pool.HikariPool       ?[0;39m ?[2m:?[0;39m HikariPool-1 - Added connection com.mysql.cj.jdbc.ConnectionImpl@5b02a984
?[2m2026-03-10T11:09:43.568+09:00?[0;39m ?[32m INFO?[0;39m ?[35m20040?[0;39m ?[2m---?[0;39m ?[2m[    Test worker]?[0;39m ?[2m?[0;39m?[36mcom.zaxxer.hikari.HikariDataSource      ?[0;39m ?[2m:?[0;39m HikariPool-1 - Start completed.
?[2m2026-03-10T11:09:46.347+09:00?[0;39m ?[32m INFO?[0;39m ?[35m20040?[0;39m ?[2m---?[0;39m ?[2m[    Test worker]?[0;39m ?[2m?[0;39m?[36mcom.infoshare.DummyDataGeneratorTest    ?[0;39m ?[2m:?[0;39m Started DummyDataGeneratorTest in 6.151 seconds (process running for 8.168)
]]></system-out>
  <system-err><![CDATA[WARNING: A Java agent has been loaded dynamically (C:\Users\user\.gradle\caches\modules-2\files-2.1\net.bytebuddy\byte-buddy-agent\1.14.12\be4984cb6fd1ef1d11f218a648889dfda44b8a15\byte-buddy-agent-1.14.12.jar)
WARNING: If a serviceability tool is in use, please run with -XX:+EnableDynamicAgentLoading to hide this warning
WARNING: If a serviceability tool is not in use, please run with -Djdk.instrument.traceUsage for more information
WARNING: Dynamic loading of agents will be disallowed by default in a future release
]]></system-err>
</testsuite>
